 &plot nbnd=  58, nks=     3 /
            0.000000  0.000000  0.000000
  -25.853  -25.835  -25.835  -24.412  -24.400  -24.399  -19.240  -19.240  -19.240  -19.240
  -19.239  -19.239   -9.600   -9.600   -9.377   -9.342   -9.342   -9.342   -9.342   -9.275
   -9.275   -8.600   -8.306   -8.306   -5.747   -5.746   -5.637   -5.637   -5.627   -5.460
   -5.460   -5.460   -5.460    0.030    0.030    0.084    0.084    0.084    0.084    0.363
    0.363    0.628    0.628    0.628    0.628    2.080    2.454    2.454    5.457    5.457
    5.911    6.399    8.935    8.935    9.569    9.569   10.130   10.130
            0.000000  0.384900  0.000000
  -25.842  -25.833  -25.833  -24.419  -24.407  -24.397  -19.271  -19.261  -19.256  -19.251
  -19.247  -19.239   -9.552   -9.471   -9.471   -9.333   -9.319   -9.319   -9.317   -9.301
   -9.284   -8.341   -8.297   -8.233   -5.766   -5.754   -5.695   -5.640   -5.625   -5.583
   -5.529   -5.512   -5.436   -0.195   -0.157   -0.111   -0.089   -0.048    0.151    0.296
    0.296    0.326    0.382    0.553    0.676    1.950    1.985    2.067    5.592    5.624
    5.857    7.505    8.920    9.192    9.677    9.755    9.983   10.799
            0.333333  0.577350  0.000000
  -25.833  -25.833  -25.833  -24.402  -24.402  -24.401  -19.276  -19.276  -19.275  -19.234
  -19.234  -19.233   -9.421   -9.421   -9.421   -9.384   -9.384   -9.384   -9.285   -9.285
   -9.285   -8.212   -8.212   -8.212   -5.809   -5.809   -5.808   -5.591   -5.590   -5.590
   -5.384   -5.384   -5.384   -0.265   -0.265   -0.265    0.071    0.071    0.071    0.321
    0.321    0.321    0.551    0.551    0.551    1.817    1.817    1.817    5.972    5.973
    5.973    8.701    8.701    8.701   10.368   10.368   10.368   10.739
